{"numFailedTestSuites":0,"numFailedTests":0,"numPassedTestSuites":7,"numPassedTests":64,"numPendingTestSuites":0,"numPendingTests":0,"numRuntimeErrorTestSuites":0,"numTodoTests":0,"numTotalTestSuites":7,"numTotalTests":64,"openHandles":[],"snapshot":{"added":0,"didUpdate":false,"failure":false,"filesAdded":0,"filesRemoved":0,"filesRemovedList":[],"filesUnmatched":0,"filesUpdated":0,"matched":0,"total":0,"unchecked":0,"uncheckedKeysByFile":[],"unmatched":0,"updated":0},"startTime":1776458456302,"success":true,"testResults":[{"assertionResults":[{"ancestorTitles":["useAuth Hook"],"duration":59,"failing":false,"failureDetails":[],"failureMessages":[],"fullName":"useAuth Hook should return initial loading state","invocations":1,"location":null,"numPassingAsserts":2,"retryReasons":[],"startAt":1776458456601,"status":"passed","title":"should return initial loading state"},{"ancestorTitles":["useAuth Hook"],"duration":55,"failing":false,"failureDetails":[],"failureMessages":[],"fullName":"useAuth Hook should fetch session on mount","invocations":1,"location":null,"numPassingAsserts":4,"retryReasons":[],"startAt":1776458456660,"status":"passed","title":"should fetch session on mount"},{"ancestorTitles":["useAuth Hook"],"duration":53,"failing":false,"failureDetails":[],"failureMessages":[],"fullName":"useAuth Hook should handle fetch error gracefully","invocations":1,"location":null,"numPassingAsserts":3,"retryReasons":[],"startAt":1776458456715,"status":"passed","title":"should handle fetch error gracefully"},{"ancestorTitles":["useAuth Hook"],"duration":55,"failing":false,"failureDetails":[],"failureMessages":[],"fullName":"useAuth Hook should provide signIn function","invocations":1,"location":null,"numPassingAsserts":3,"retryReasons":[],"startAt":1776458456768,"status":"passed","title":"should provide signIn function"},{"ancestorTitles":["useAuth Hook"],"duration":54,"failing":false,"failureDetails":[],"failureMessages":[],"fullName":"useAuth Hook should provide signUp function","invocations":1,"location":null,"numPassingAsserts":3,"retryReasons":[],"startAt":1776458456823,"status":"passed","title":"should provide signUp function"},{"ancestorTitles":["useAuth Hook"],"duration":53,"failing":false,"failureDetails":[],"failureMessages":[],"fullName":"useAuth Hook should provide signOut function","invocations":1,"location":null,"numPassingAsserts":3,"retryReasons":[],"startAt":1776458456877,"status":"passed","title":"should provide signOut function"},{"ancestorTitles":["useAuth Hook"],"duration":53,"failing":false,"failureDetails":[],"failureMessages":[],"fullName":"useAuth Hook should provide resetPassword function","invocations":1,"location":null,"numPassingAsserts":3,"retryReasons":[],"startAt":1776458456931,"status":"passed","title":"should provide resetPassword function"},{"ancestorTitles":["useAuth Hook"],"duration":55,"failing":false,"failureDetails":[],"failureMessages":[],"fullName":"useAuth Hook should provide refresh function","invocations":1,"location":null,"numPassingAsserts":3,"retryReasons":[],"startAt":1776458456984,"status":"passed","title":"should provide refresh function"},{"ancestorTitles":["useAuth Hook"],"duration":64,"failing":false,"failureDetails":[],"failureMessages":[],"fullName":"useAuth Hook should sign in successfully","invocations":1,"location":null,"numPassingAsserts":2,"retryReasons":[],"startAt":1776458457039,"status":"passed","title":"should sign in successfully"},{"ancestorTitles":["useAuth Hook"],"duration":58,"failing":false,"failureDetails":[],"failureMessages":[],"fullName":"useAuth Hook should handle sign in error","invocations":1,"location":null,"numPassingAsserts":2,"retryReasons":[],"startAt":1776458457103,"status":"passed","title":"should handle sign in error"},{"ancestorTitles":["useAuth Hook"],"duration":54,"failing":false,"failureDetails":[],"failureMessages":[],"fullName":"useAuth Hook should sign up successfully","invocations":1,"location":null,"numPassingAsserts":3,"retryReasons":[],"startAt":1776458457161,"status":"passed","title":"should sign up successfully"},{"ancestorTitles":["useAuth Hook"],"duration":54,"failing":false,"failureDetails":[],"failureMessages":[],"fullName":"useAuth Hook should handle sign up error","invocations":1,"location":null,"numPassingAsserts":2,"retryReasons":[],"startAt":1776458457216,"status":"passed","title":"should handle sign up error"},{"ancestorTitles":["useAuth Hook"],"duration":56,"failing":false,"failureDetails":[],"failureMessages":[],"fullName":"useAuth Hook should sign out successfully","invocations":1,"location":null,"numPassingAsserts":4,"retryReasons":[],"startAt":1776458457270,"status":"passed","title":"should sign out successfully"},{"ancestorTitles":["useAuth Hook"],"duration":61,"failing":false,"failureDetails":[],"failureMessages":[],"fullName":"useAuth Hook should reset password successfully","invocations":1,"location":null,"numPassingAsserts":2,"retryReasons":[],"startAt":1776458457326,"status":"passed","title":"should reset password successfully"},{"ancestorTitles":["useAuth Hook"],"duration":61,"failing":false,"failureDetails":[],"failureMessages":[],"fullName":"useAuth Hook should handle reset password error","invocations":1,"location":null,"numPassingAsserts":2,"retryReasons":[],"startAt":1776458457387,"status":"passed","title":"should handle reset password error"},{"ancestorTitles":["useAuth Hook"],"duration":57,"failing":false,"failureDetails":[],"failureMessages":[],"fullName":"useAuth Hook should refresh session","invocations":1,"location":null,"numPassingAsserts":3,"retryReasons":[],"startAt":1776458457448,"status":"passed","title":"should refresh session"}],"endTime":1776458457506,"message":"","name":"/Users/wcatalfamo/Projects/Personal/Active/skillogue-web/__tests__/hooks/useAuth.test.tsx","startTime":1776458456496,"status":"passed","summary":""},{"assertionResults":[{"ancestorTitles":["Messages Page"],"duration":18,"failing":false,"failureDetails":[],"failureMessages":[],"fullName":"Messages Page renders conversation list","invocations":1,"location":null,"numPassingAsserts":2,"retryReasons":[],"startAt":1776458457653,"status":"passed","title":"renders conversation list"},{"ancestorTitles":["Messages Page"],"duration":35,"failing":false,"failureDetails":[],"failureMessages":[],"fullName":"Messages Page selects a conversation and loads messages","invocations":1,"location":null,"numPassingAsserts":2,"retryReasons":[],"startAt":1776458457672,"status":"passed","title":"selects a conversation and loads messages"},{"ancestorTitles":["Messages Page"],"duration":28,"failing":false,"failureDetails":[],"failureMessages":[],"fullName":"Messages Page sends a message","invocations":1,"location":null,"numPassingAsserts":4,"retryReasons":[],"startAt":1776458457707,"status":"passed","title":"sends a message"},{"ancestorTitles":["Messages Page"],"duration":20,"failing":false,"failureDetails":[],"failureMessages":[],"fullName":"Messages Page blocks a user","invocations":1,"location":null,"numPassingAsserts":5,"retryReasons":[],"startAt":1776458457736,"status":"passed","title":"blocks a user"},{"ancestorTitles":["Messages Page"],"duration":26,"failing":false,"failureDetails":[],"failureMessages":[],"fullName":"Messages Page handles send message error","invocations":1,"location":null,"numPassingAsserts":3,"retryReasons":[],"startAt":1776458457757,"status":"passed","title":"handles send message error"},{"ancestorTitles":["Messages Page"],"duration":24,"failing":false,"failureDetails":[],"failureMessages":[],"fullName":"Messages Page loads more messages on scroll","invocations":1,"location":null,"numPassingAsserts":2,"retryReasons":[],"startAt":1776458457783,"status":"passed","title":"loads more messages on scroll"},{"ancestorTitles":["Messages Page"],"duration":10,"failing":false,"failureDetails":[],"failureMessages":[],"fullName":"Messages Page updates online status from presence channel","invocations":1,"location":null,"numPassingAsserts":2,"retryReasons":[],"startAt":1776458457807,"status":"passed","title":"updates online status from presence channel"}],"endTime":1776458457818,"message":"","name":"/Users/wcatalfamo/Projects/Personal/Active/skillogue-web/__tests__/messages.test.tsx","startTime":1776458457539,"status":"passed","summary":""},{"assertionResults":[{"ancestorTitles":["Search Integration Flow"],"duration":22,"failing":false,"failureDetails":[],"failureMessages":[],"fullName":"Search Integration Flow renders search results","invocations":1,"location":null,"numPassingAsserts":2,"retryReasons":[],"startAt":1776458457867,"status":"passed","title":"renders search results"},{"ancestorTitles":["Search Integration Flow"],"duration":15,"failing":false,"failureDetails":[],"failureMessages":[],"fullName":"Search Integration Flow handles search input change","invocations":1,"location":null,"numPassingAsserts":1,"retryReasons":[],"startAt":1776458457889,"status":"passed","title":"handles search input change"},{"ancestorTitles":["Search Integration Flow"],"duration":7,"failing":false,"failureDetails":[],"failureMessages":[],"fullName":"Search Integration Flow loads saved searches","invocations":1,"location":null,"numPassingAsserts":1,"retryReasons":[],"startAt":1776458457905,"status":"passed","title":"loads saved searches"},{"ancestorTitles":["Search Integration Flow"],"duration":84,"failing":false,"failureDetails":[],"failureMessages":[],"fullName":"Search Integration Flow handles search form submission and pagination","invocations":1,"location":null,"numPassingAsserts":2,"retryReasons":[],"startAt":1776458457912,"status":"passed","title":"handles search form submission and pagination"},{"ancestorTitles":["Search Integration Flow"],"duration":32,"failing":false,"failureDetails":[],"failureMessages":[],"fullName":"Search Integration Flow saves, loads, and deletes a search","invocations":1,"location":null,"numPassingAsserts":3,"retryReasons":[],"startAt":1776458457996,"status":"passed","title":"saves, loads, and deletes a search"}],"endTime":1776458458028,"message":"","name":"/Users/wcatalfamo/Projects/Personal/Active/skillogue-web/__tests__/integration/search_flow.test.tsx","startTime":1776458457823,"status":"passed","summary":""},{"assertionResults":[{"ancestorTitles":["UserProfile"],"duration":11,"failing":false,"failureDetails":[],"failureMessages":[],"fullName":"UserProfile renders user profile","invocations":1,"location":null,"numPassingAsserts":2,"retryReasons":[],"startAt":1776458458074,"status":"passed","title":"renders user profile"},{"ancestorTitles":["UserProfile"],"duration":10,"failing":false,"failureDetails":[],"failureMessages":[],"fullName":"UserProfile handles blocking a user","invocations":1,"location":null,"numPassingAsserts":3,"retryReasons":[],"startAt":1776458458085,"status":"passed","title":"handles blocking a user"},{"ancestorTitles":["UserProfile"],"duration":9,"failing":false,"failureDetails":[],"failureMessages":[],"fullName":"UserProfile handles saving a user","invocations":1,"location":null,"numPassingAsserts":2,"retryReasons":[],"startAt":1776458458095,"status":"passed","title":"handles saving a user"},{"ancestorTitles":["UserProfile"],"duration":11,"failing":false,"failureDetails":[],"failureMessages":[],"fullName":"UserProfile handles block user error","invocations":1,"location":null,"numPassingAsserts":2,"retryReasons":[],"startAt":1776458458104,"status":"passed","title":"handles block user error"},{"ancestorTitles":["UserProfile"],"duration":9,"failing":false,"failureDetails":[],"failureMessages":[],"fullName":"UserProfile unblocks a user","invocations":1,"location":null,"numPassingAsserts":2,"retryReasons":[],"startAt":1776458458116,"status":"passed","title":"unblocks a user"},{"ancestorTitles":["UserProfile"],"duration":10,"failing":false,"failureDetails":[],"failureMessages":[],"fullName":"UserProfile toggles save profile (unsave)","invocations":1,"location":null,"numPassingAsserts":2,"retryReasons":[],"startAt":1776458458125,"status":"passed","title":"toggles save profile (unsave)"},{"ancestorTitles":["UserProfile"],"duration":4,"failing":false,"failureDetails":[],"failureMessages":[],"fullName":"UserProfile shows blocked by user state","invocations":1,"location":null,"numPassingAsserts":2,"retryReasons":[],"startAt":1776458458135,"status":"passed","title":"shows blocked by user state"},{"ancestorTitles":["UserProfile"],"duration":3,"failing":false,"failureDetails":[],"failureMessages":[],"fullName":"UserProfile shows error state when profile fetch fails","invocations":1,"location":null,"numPassingAsserts":1,"retryReasons":[],"startAt":1776458458139,"status":"passed","title":"shows error state when profile fetch fails"},{"ancestorTitles":["UserProfile"],"duration":11,"failing":false,"failureDetails":[],"failureMessages":[],"fullName":"UserProfile handles save profile error","invocations":1,"location":null,"numPassingAsserts":2,"retryReasons":[],"startAt":1776458458142,"status":"passed","title":"handles save profile error"},{"ancestorTitles":["UserProfile"],"duration":11,"failing":false,"failureDetails":[],"failureMessages":[],"fullName":"UserProfile handles unsave profile error","invocations":1,"location":null,"numPassingAsserts":2,"retryReasons":[],"startAt":1776458458153,"status":"passed","title":"handles unsave profile error"},{"ancestorTitles":["UserProfile"],"duration":8,"failing":false,"failureDetails":[],"failureMessages":[],"fullName":"UserProfile handles unblock user error","invocations":1,"location":null,"numPassingAsserts":2,"retryReasons":[],"startAt":1776458458164,"status":"passed","title":"handles unblock user error"},{"ancestorTitles":["UserProfile"],"duration":3,"failing":false,"failureDetails":[],"failureMessages":[],"fullName":"UserProfile shows loading state initially","invocations":1,"location":null,"numPassingAsserts":1,"retryReasons":[],"startAt":1776458458172,"status":"passed","title":"shows loading state initially"}],"endTime":1776458458175,"message":"","name":"/Users/wcatalfamo/Projects/Personal/Active/skillogue-web/__tests__/user_profile.test.tsx","startTime":1776458458033,"status":"passed","summary":""},{"assertionResults":[{"ancestorTitles":["Dashboard Integration Flow"],"duration":15,"failing":false,"failureDetails":[],"failureMessages":[],"fullName":"Dashboard Integration Flow loads and displays dashboard data correctly","invocations":1,"location":null,"numPassingAsserts":6,"retryReasons":[],"startAt":1776458458226,"status":"passed","title":"loads and displays dashboard data correctly"},{"ancestorTitles":["Dashboard Integration Flow"],"duration":7,"failing":false,"failureDetails":[],"failureMessages":[],"fullName":"Dashboard Integration Flow handles partial data fetch errors gracefully","invocations":1,"location":null,"numPassingAsserts":4,"retryReasons":[],"startAt":1776458458242,"status":"passed","title":"handles partial data fetch errors gracefully"},{"ancestorTitles":["Dashboard Integration Flow"],"duration":5,"failing":false,"failureDetails":[],"failureMessages":[],"fullName":"Dashboard Integration Flow handles conversation with no timestamp","invocations":1,"location":null,"numPassingAsserts":1,"retryReasons":[],"startAt":1776458458249,"status":"passed","title":"handles conversation with no timestamp"},{"ancestorTitles":["Dashboard Integration Flow"],"duration":55,"failing":false,"failureDetails":[],"failureMessages":[],"fullName":"Dashboard Integration Flow redirects to onboarding if profile is incomplete","invocations":1,"location":null,"numPassingAsserts":1,"retryReasons":[],"startAt":1776458458254,"status":"passed","title":"redirects to onboarding if profile is incomplete"},{"ancestorTitles":["Dashboard Integration Flow"],"duration":8,"failing":false,"failureDetails":[],"failureMessages":[],"fullName":"Dashboard Integration Flow redirects to login if not authenticated","invocations":1,"location":null,"numPassingAsserts":1,"retryReasons":[],"startAt":1776458458309,"status":"passed","title":"redirects to login if not authenticated"}],"endTime":1776458458317,"message":"","name":"/Users/wcatalfamo/Projects/Personal/Active/skillogue-web/__tests__/integration/dashboard_flow.test.tsx","startTime":1776458458187,"status":"passed","summary":""},{"assertionResults":[{"ancestorTitles":["SignUp Page"],"duration":24,"failing":false,"failureDetails":[],"failureMessages":[],"fullName":"SignUp Page renders signup form","invocations":1,"location":null,"numPassingAsserts":3,"retryReasons":[],"startAt":1776458458353,"status":"passed","title":"renders signup form"},{"ancestorTitles":["SignUp Page"],"duration":6,"failing":false,"failureDetails":[],"failureMessages":[],"fullName":"SignUp Page validates empty fields","invocations":1,"location":null,"numPassingAsserts":1,"retryReasons":[],"startAt":1776458458377,"status":"passed","title":"validates empty fields"},{"ancestorTitles":["SignUp Page"],"duration":10,"failing":false,"failureDetails":[],"failureMessages":[],"fullName":"SignUp Page validates password strength","invocations":1,"location":null,"numPassingAsserts":1,"retryReasons":[],"startAt":1776458458383,"status":"passed","title":"validates password strength"},{"ancestorTitles":["SignUp Page"],"duration":10,"failing":false,"failureDetails":[],"failureMessages":[],"fullName":"SignUp Page validates terms agreement","invocations":1,"location":null,"numPassingAsserts":1,"retryReasons":[],"startAt":1776458458393,"status":"passed","title":"validates terms agreement"},{"ancestorTitles":["SignUp Page"],"duration":24,"failing":false,"failureDetails":[],"failureMessages":[],"fullName":"SignUp Page submits form successfully","invocations":1,"location":null,"numPassingAsserts":3,"retryReasons":[],"startAt":1776458458403,"status":"passed","title":"submits form successfully"},{"ancestorTitles":["SignUp Page"],"duration":18,"failing":false,"failureDetails":[],"failureMessages":[],"fullName":"SignUp Page handles signup error","invocations":1,"location":null,"numPassingAsserts":1,"retryReasons":[],"startAt":1776458458427,"status":"passed","title":"handles signup error"}],"endTime":1776458458446,"message":"","name":"/Users/wcatalfamo/Projects/Personal/Active/skillogue-web/__tests__/signup.test.tsx","startTime":1776458458321,"status":"passed","summary":""},{"assertionResults":[{"ancestorTitles":["FavoritesPage"],"duration":6,"failing":false,"failureDetails":[],"failureMessages":[],"fullName":"FavoritesPage renders loading state initially","invocations":1,"location":null,"numPassingAsserts":2,"retryReasons":[],"startAt":1776458458484,"status":"passed","title":"renders loading state initially"},{"ancestorTitles":["FavoritesPage"],"duration":5,"failing":false,"failureDetails":[],"failureMessages":[],"fullName":"FavoritesPage renders empty state when no favorites","invocations":1,"location":null,"numPassingAsserts":2,"retryReasons":[],"startAt":1776458458490,"status":"passed","title":"renders empty state when no favorites"},{"ancestorTitles":["FavoritesPage"],"duration":7,"failing":false,"failureDetails":[],"failureMessages":[],"fullName":"FavoritesPage renders favorite profiles","invocations":1,"location":null,"numPassingAsserts":2,"retryReasons":[],"startAt":1776458458495,"status":"passed","title":"renders favorite profiles"},{"ancestorTitles":["FavoritesPage"],"duration":1,"failing":false,"failureDetails":[],"failureMessages":[],"fullName":"FavoritesPage handles null data from get_saved_profiles gracefully","invocations":1,"location":null,"numPassingAsserts":2,"retryReasons":[],"startAt":1776458458502,"status":"passed","title":"handles null data from get_saved_profiles gracefully"},{"ancestorTitles":["FavoritesPage"],"duration":11,"failing":false,"failureDetails":[],"failureMessages":[],"fullName":"FavoritesPage removes a favorite when trash icon is clicked","invocations":1,"location":null,"numPassingAsserts":5,"retryReasons":[],"startAt":1776458458504,"status":"passed","title":"removes a favorite when trash icon is clicked"},{"ancestorTitles":["FavoritesPage"],"duration":5,"failing":false,"failureDetails":[],"failureMessages":[],"fullName":"FavoritesPage cancels removal when confirm is rejected","invocations":1,"location":null,"numPassingAsserts":3,"retryReasons":[],"startAt":1776458458515,"status":"passed","title":"cancels removal when confirm is rejected"},{"ancestorTitles":["FavoritesPage"],"duration":6,"failing":false,"failureDetails":[],"failureMessages":[],"fullName":"FavoritesPage handles remove error","invocations":1,"location":null,"numPassingAsserts":3,"retryReasons":[],"startAt":1776458458520,"status":"passed","title":"handles remove error"},{"ancestorTitles":["FavoritesPage"],"duration":4,"failing":false,"failureDetails":[],"failureMessages":[],"fullName":"FavoritesPage handles load error","invocations":1,"location":null,"numPassingAsserts":1,"retryReasons":[],"startAt":1776458458526,"status":"passed","title":"handles load error"},{"ancestorTitles":["FavoritesPage"],"duration":5,"failing":false,"failureDetails":[],"failureMessages":[],"fullName":"FavoritesPage renders private profile correctly","invocations":1,"location":null,"numPassingAsserts":1,"retryReasons":[],"startAt":1776458458530,"status":"passed","title":"renders private profile correctly"},{"ancestorTitles":["FavoritesPage"],"duration":3,"failing":false,"failureDetails":[],"failureMessages":[],"fullName":"FavoritesPage handles RPC error with fallback","invocations":1,"location":null,"numPassingAsserts":1,"retryReasons":[],"startAt":1776458458535,"status":"passed","title":"handles RPC error with fallback"},{"ancestorTitles":["FavoritesPage"],"duration":8,"failing":false,"failureDetails":[],"failureMessages":[],"fullName":"FavoritesPage handles unsave error gracefully","invocations":1,"location":null,"numPassingAsserts":2,"retryReasons":[],"startAt":1776458458538,"status":"passed","title":"handles unsave error gracefully"},{"ancestorTitles":["FavoritesPage"],"duration":7,"failing":false,"failureDetails":[],"failureMessages":[],"fullName":"FavoritesPage renders profile with all details","invocations":1,"location":null,"numPassingAsserts":4,"retryReasons":[],"startAt":1776458458546,"status":"passed","title":"renders profile with all details"},{"ancestorTitles":["FavoritesPage"],"duration":4,"failing":false,"failureDetails":[],"failureMessages":[],"fullName":"FavoritesPage handles empty profile data","invocations":1,"location":null,"numPassingAsserts":1,"retryReasons":[],"startAt":1776458458553,"status":"passed","title":"handles empty profile data"}],"endTime":1776458458557,"message":"","name":"/Users/wcatalfamo/Projects/Personal/Active/skillogue-web/__tests__/favorites.test.tsx","startTime":1776458458450,"status":"passed","summary":""}],"wasInterrupted":false}
