{"numFailedTestSuites":1,"numFailedTests":0,"numPassedTestSuites":0,"numPassedTests":0,"numPendingTestSuites":0,"numPendingTests":0,"numRuntimeErrorTestSuites":1,"numTodoTests":0,"numTotalTestSuites":1,"numTotalTests":0,"openHandles":[],"snapshot":{"added":0,"didUpdate":false,"failure":false,"filesAdded":0,"filesRemoved":0,"filesRemovedList":[],"filesUnmatched":0,"filesUpdated":0,"matched":0,"total":0,"unchecked":0,"uncheckedKeysByFile":[],"unmatched":0,"updated":0},"startTime":1776460094109,"success":false,"testResults":[{"assertionResults":[],"coverage":{},"endTime":1776460094470,"message":"  \u001b[1m● \u001b[22mTest suite failed to run\n\n    \u001b[1m\u001b[31mJest encountered an unexpected token\u001b[39m\u001b[22m\n\n    Jest failed to parse a file. This happens e.g. when your code or its dependencies use non-standard JavaScript syntax, or when Jest is not configured to support such syntax.\n\n    Out of the box Jest supports Babel, which will be used to transform your files into valid JS based on your Babel configuration.\n\n    By default \"node_modules\" folder is ignored by transformers.\n\n    Here's what you can do:\n     • If you are trying to use ECMAScript Modules, see \u001b[4mhttps://jestjs.io/docs/ecmascript-modules\u001b[24m for how to enable it.\n     • If you are trying to use TypeScript, see \u001b[4mhttps://jestjs.io/docs/getting-started#using-typescript\u001b[24m\n     • To have some of your \"node_modules\" files transformed, you can specify a custom \u001b[1m\"transformIgnorePatterns\"\u001b[22m in your config.\n     • If you need a custom transformation, specify a \u001b[1m\"transform\"\u001b[22m option in your config.\n     • If you simply want to mock your non-JS modules (e.g. binary assets) you can stub them out with the \u001b[1m\"moduleNameMapper\"\u001b[22m config option.\n\n    You'll find more details and examples of these config options in the docs:\n    \u001b[36mhttps://jestjs.io/docs/configuration\u001b[39m\n    For information about custom transformations, see:\n    \u001b[36mhttps://jestjs.io/docs/code-transformation\u001b[39m\n\n    \u001b[1m\u001b[31mDetails:\u001b[39m\u001b[22m\n\n    /Users/wcatalfamo/Projects/Personal/Active/skillogue-web/node_modules/node-fetch-native-with-agent/dist/native.mjs:1\n    const e=globalThis.Blob,o=globalThis.File,a=globalThis.FormData,s=globalThis.Headers,t=globalThis.Request,h=globalThis.Response,i=globalThis.AbortController,l=globalThis.fetch||(()=>{throw new Error(\"[node-fetch-native] Failed to fetch: `globalThis.fetch` is not available!\")});export{i as AbortController,e as Blob,o as File,a as FormData,s as Headers,t as Request,h as Response,l as default,l as fetch};\n                                                                                                                                                                                                                                                                                          ^^^^^^\n\n    SyntaxError: Unexpected token 'export'\n\n    \u001b[0m \u001b[90m 11 |\u001b[39m \u001b[90m */\u001b[39m\n     \u001b[90m 12 |\u001b[39m \u001b[36mexport\u001b[39m \u001b[36mclass\u001b[39m \u001b[33mAppwriteRepository\u001b[39m {\n    \u001b[31m\u001b[1m>\u001b[22m\u001b[39m\u001b[90m 13 |\u001b[39m   \u001b[36mprivate\u001b[39m databases\u001b[33m;\u001b[39m\n     \u001b[90m    |\u001b[39m                       \u001b[31m\u001b[1m^\u001b[22m\u001b[39m\n     \u001b[90m 14 |\u001b[39m   \u001b[36mprivate\u001b[39m databaseId\u001b[33m:\u001b[39m string\u001b[33m;\u001b[39m\n     \u001b[90m 15 |\u001b[39m\n     \u001b[90m 16 |\u001b[39m   constructor(sessionSecret\u001b[33m?\u001b[39m\u001b[33m:\u001b[39m string) {\u001b[0m\n\n      \u001b[2mat Runtime.createScriptFromCode (\u001b[22mnode_modules/jest-runtime/build/index.js\u001b[2m:1318:40)\u001b[22m\n      \u001b[2mat Object.<anonymous> (\u001b[22mnode_modules/node-appwrite/dist/client.js\u001b[2m:3:32)\u001b[22m\n      \u001b[2mat Object.<anonymous> (\u001b[22mnode_modules/node-appwrite/dist/index.js\u001b[2m:3:14)\u001b[22m\n      \u001b[2mat Object.<anonymous> (\u001b[22msrc/lib/server/appwrite-repo.ts\u001b[2m:13:23)\u001b[22m\n      \u001b[2mat Object.<anonymous> (\u001b[22msrc/lib/server/app-data-service.ts\u001b[2m:11:23)\u001b[22m\n      \u001b[2mat Object.<anonymous> (\u001b[22m\u001b[0m\u001b[36m__tests__/appwrite_coverage.test.ts\u001b[39m\u001b[0m\u001b[2m:28:25)\u001b[22m\n","name":"/Users/wcatalfamo/Projects/Personal/Active/skillogue-web/__tests__/appwrite_coverage.test.ts","startTime":1776460094470,"status":"failed","summary":""}],"wasInterrupted":false}
